Start testing: Feb 16 20:43 UTC
----------------------------------------------------------
1/2 Testing: Stack.BasicString
1/2 Test: Stack.BasicString
Command: "/usr/bin/valgrind" "--tool=memcheck" "--leak-check=yes" "--trace-children=no" "--error-exitcode=113" "/home/codio/workspace/hw3/hw3_tests/stack_tests/stack_tests" "--gtest_filter=Stack.BasicString"
Directory: /home/codio/workspace/hw3/hw3_tests/stack_tests
"Stack.BasicString" start time: Feb 16 20:43 UTC
Output:
----------------------------------------------------------
==1505== Memcheck, a memory error detector
==1505== Copyright (C) 2002-2017, and GNU GPL'd, by Julian Seward et al.
==1505== Using Valgrind-3.13.0 and LibVEX; rerun with -h for copyright info
==1505== Command: /home/codio/workspace/hw3/hw3_tests/stack_tests/stack_tests --gtest_filter=Stack.BasicString
==1505== 
Running main() from /home/codio/googletest/googletest/src/gtest_main.cc
Note: Google Test filter = Stack.BasicString
[==========] Running 1 test from 1 test suite.
[----------] Global test environment set-up.
[----------] 1 test from Stack
[ RUN      ] Stack.BasicString
[       OK ] Stack.BasicString (98 ms)
[----------] 1 test from Stack (107 ms total)

[----------] Global test environment tear-down
[==========] 1 test from 1 test suite ran. (161 ms total)
[  PASSED  ] 1 test.
==1505== 
==1505== HEAP SUMMARY:
==1505==     in use at exit: 0 bytes in 0 blocks
==1505==   total heap usage: 230 allocs, 230 frees, 120,610 bytes allocated
==1505== 
==1505== All heap blocks were freed -- no leaks are possible
==1505== 
==1505== For counts of detected and suppressed errors, rerun with: -v
==1505== ERROR SUMMARY: 0 errors from 0 contexts (suppressed: 0 from 0)
<end of output>
Test time =   1.53 sec
----------------------------------------------------------
Test Passed.
"Stack.BasicString" end time: Feb 16 20:43 UTC
"Stack.BasicString" time elapsed: 00:00:01
----------------------------------------------------------

2/2 Testing: Stack.RandomInt
2/2 Test: Stack.RandomInt
Command: "/usr/bin/valgrind" "--tool=memcheck" "--leak-check=yes" "--trace-children=no" "--error-exitcode=113" "/home/codio/workspace/hw3/hw3_tests/stack_tests/stack_tests" "--gtest_filter=Stack.RandomInt"
Directory: /home/codio/workspace/hw3/hw3_tests/stack_tests
"Stack.RandomInt" start time: Feb 16 20:43 UTC
Output:
----------------------------------------------------------
==1506== Memcheck, a memory error detector
==1506== Copyright (C) 2002-2017, and GNU GPL'd, by Julian Seward et al.
==1506== Using Valgrind-3.13.0 and LibVEX; rerun with -h for copyright info
==1506== Command: /home/codio/workspace/hw3/hw3_tests/stack_tests/stack_tests --gtest_filter=Stack.RandomInt
==1506== 
Running main() from /home/codio/googletest/googletest/src/gtest_main.cc
Note: Google Test filter = Stack.RandomInt
[==========] Running 1 test from 1 test suite.
[----------] Global test environment set-up.
[----------] 1 test from Stack
[ RUN      ] Stack.RandomInt
[       OK ] Stack.RandomInt (1512 ms)
[----------] 1 test from Stack (1521 ms total)

[----------] Global test environment tear-down
[==========] 1 test from 1 test suite ran. (1572 ms total)
[  PASSED  ] 1 test.
==1506== 
==1506== HEAP SUMMARY:
==1506==     in use at exit: 0 bytes in 0 blocks
==1506==   total heap usage: 21,262 allocs, 21,262 frees, 1,081,433 bytes allocated
==1506== 
==1506== All heap blocks were freed -- no leaks are possible
==1506== 
==1506== For counts of detected and suppressed errors, rerun with: -v
==1506== ERROR SUMMARY: 0 errors from 0 contexts (suppressed: 0 from 0)
<end of output>
Test time =   2.95 sec
----------------------------------------------------------
Test Passed.
"Stack.RandomInt" end time: Feb 16 20:43 UTC
"Stack.RandomInt" time elapsed: 00:00:02
----------------------------------------------------------

End testing: Feb 16 20:43 UTC
