Start testing: Feb 17 01:54 UTC
----------------------------------------------------------
1/25 Testing: HeapTest.ConstructionDestruction
1/25 Test: HeapTest.ConstructionDestruction
Command: "/usr/bin/valgrind" "--tool=memcheck" "--leak-check=yes" "--trace-children=no" "--error-exitcode=113" "/home/codio/workspace/hw3/hw3_tests/heap_tests/heap_tests" "--gtest_filter=HeapTest.ConstructionDestruction"
Directory: /home/codio/workspace/hw3/hw3_tests/heap_tests
"HeapTest.ConstructionDestruction" start time: Feb 17 01:54 UTC
Output:
----------------------------------------------------------
==580== Memcheck, a memory error detector
==580== Copyright (C) 2002-2017, and GNU GPL'd, by Julian Seward et al.
==580== Using Valgrind-3.13.0 and LibVEX; rerun with -h for copyright info
==580== Command: /home/codio/workspace/hw3/hw3_tests/heap_tests/heap_tests --gtest_filter=HeapTest.ConstructionDestruction
==580== 
Running main() from /home/codio/googletest/googletest/src/gtest_main.cc
Note: Google Test filter = HeapTest.ConstructionDestruction
[==========] Running 1 test from 1 test suite.
[----------] Global test environment set-up.
[----------] 1 test from HeapTest
[ RUN      ] HeapTest.ConstructionDestruction
[       OK ] HeapTest.ConstructionDestruction (17 ms)
[----------] 1 test from HeapTest (26 ms total)

[----------] Global test environment tear-down
[==========] 1 test from 1 test suite ran. (75 ms total)
[  PASSED  ] 1 test.
==580== 
==580== HEAP SUMMARY:
==580==     in use at exit: 0 bytes in 0 blocks
==580==   total heap usage: 468 allocs, 468 frees, 135,793 bytes allocated
==580== 
==580== All heap blocks were freed -- no leaks are possible
==580== 
==580== For counts of detected and suppressed errors, rerun with: -v
==580== ERROR SUMMARY: 0 errors from 0 contexts (suppressed: 0 from 0)
<end of output>
Test time =   1.43 sec
----------------------------------------------------------
Test Passed.
"HeapTest.ConstructionDestruction" end time: Feb 17 01:54 UTC
"HeapTest.ConstructionDestruction" time elapsed: 00:00:01
----------------------------------------------------------

2/25 Testing: HeapTest.InitiallyEmpty
2/25 Test: HeapTest.InitiallyEmpty
Command: "/usr/bin/valgrind" "--tool=memcheck" "--leak-check=yes" "--trace-children=no" "--error-exitcode=113" "/home/codio/workspace/hw3/hw3_tests/heap_tests/heap_tests" "--gtest_filter=HeapTest.InitiallyEmpty"
Directory: /home/codio/workspace/hw3/hw3_tests/heap_tests
"HeapTest.InitiallyEmpty" start time: Feb 17 01:54 UTC
Output:
----------------------------------------------------------
==581== Memcheck, a memory error detector
==581== Copyright (C) 2002-2017, and GNU GPL'd, by Julian Seward et al.
==581== Using Valgrind-3.13.0 and LibVEX; rerun with -h for copyright info
==581== Command: /home/codio/workspace/hw3/hw3_tests/heap_tests/heap_tests --gtest_filter=HeapTest.InitiallyEmpty
==581== 
Running main() from /home/codio/googletest/googletest/src/gtest_main.cc
Note: Google Test filter = HeapTest.InitiallyEmpty
[==========] Running 1 test from 1 test suite.
[----------] Global test environment set-up.
[----------] 1 test from HeapTest
[ RUN      ] HeapTest.InitiallyEmpty
[       OK ] HeapTest.InitiallyEmpty (18 ms)
[----------] 1 test from HeapTest (28 ms total)

[----------] Global test environment tear-down
[==========] 1 test from 1 test suite ran. (77 ms total)
[  PASSED  ] 1 test.
==581== 
==581== HEAP SUMMARY:
==581==     in use at exit: 0 bytes in 0 blocks
==581==   total heap usage: 468 allocs, 468 frees, 135,697 bytes allocated
==581== 
==581== All heap blocks were freed -- no leaks are possible
==581== 
==581== For counts of detected and suppressed errors, rerun with: -v
==581== ERROR SUMMARY: 0 errors from 0 contexts (suppressed: 0 from 0)
<end of output>
Test time =   1.41 sec
----------------------------------------------------------
Test Passed.
"HeapTest.InitiallyEmpty" end time: Feb 17 01:54 UTC
"HeapTest.InitiallyEmpty" time elapsed: 00:00:01
----------------------------------------------------------

3/25 Testing: HeapTest.EmptyTopException
3/25 Test: HeapTest.EmptyTopException
Command: "/usr/bin/valgrind" "--tool=memcheck" "--leak-check=yes" "--trace-children=no" "--error-exitcode=113" "/home/codio/workspace/hw3/hw3_tests/heap_tests/heap_tests" "--gtest_filter=HeapTest.EmptyTopException"
Directory: /home/codio/workspace/hw3/hw3_tests/heap_tests
"HeapTest.EmptyTopException" start time: Feb 17 01:54 UTC
Output:
----------------------------------------------------------
==582== Memcheck, a memory error detector
==582== Copyright (C) 2002-2017, and GNU GPL'd, by Julian Seward et al.
==582== Using Valgrind-3.13.0 and LibVEX; rerun with -h for copyright info
==582== Command: /home/codio/workspace/hw3/hw3_tests/heap_tests/heap_tests --gtest_filter=HeapTest.EmptyTopException
==582== 
Running main() from /home/codio/googletest/googletest/src/gtest_main.cc
Note: Google Test filter = HeapTest.EmptyTopException
[==========] Running 1 test from 1 test suite.
[----------] Global test environment set-up.
[----------] 1 test from HeapTest
[ RUN      ] HeapTest.EmptyTopException
[       OK ] HeapTest.EmptyTopException (58 ms)
[----------] 1 test from HeapTest (68 ms total)

[----------] Global test environment tear-down
[==========] 1 test from 1 test suite ran. (120 ms total)
[  PASSED  ] 1 test.
==582== 
==582== HEAP SUMMARY:
==582==     in use at exit: 0 bytes in 0 blocks
==582==   total heap usage: 470 allocs, 470 frees, 135,914 bytes allocated
==582== 
==582== All heap blocks were freed -- no leaks are possible
==582== 
==582== For counts of detected and suppressed errors, rerun with: -v
==582== ERROR SUMMARY: 0 errors from 0 contexts (suppressed: 0 from 0)
<end of output>
Test time =   1.49 sec
----------------------------------------------------------
Test Passed.
"HeapTest.EmptyTopException" end time: Feb 17 01:54 UTC
"HeapTest.EmptyTopException" time elapsed: 00:00:01
----------------------------------------------------------

4/25 Testing: HeapTest.EmptyPopException
4/25 Test: HeapTest.EmptyPopException
Command: "/usr/bin/valgrind" "--tool=memcheck" "--leak-check=yes" "--trace-children=no" "--error-exitcode=113" "/home/codio/workspace/hw3/hw3_tests/heap_tests/heap_tests" "--gtest_filter=HeapTest.EmptyPopException"
Directory: /home/codio/workspace/hw3/hw3_tests/heap_tests
"HeapTest.EmptyPopException" start time: Feb 17 01:54 UTC
Output:
----------------------------------------------------------
==583== Memcheck, a memory error detector
==583== Copyright (C) 2002-2017, and GNU GPL'd, by Julian Seward et al.
==583== Using Valgrind-3.13.0 and LibVEX; rerun with -h for copyright info
==583== Command: /home/codio/workspace/hw3/hw3_tests/heap_tests/heap_tests --gtest_filter=HeapTest.EmptyPopException
==583== 
Running main() from /home/codio/googletest/googletest/src/gtest_main.cc
Note: Google Test filter = HeapTest.EmptyPopException
[==========] Running 1 test from 1 test suite.
[----------] Global test environment set-up.
[----------] 1 test from HeapTest
[ RUN      ] HeapTest.EmptyPopException
[       OK ] HeapTest.EmptyPopException (56 ms)
[----------] 1 test from HeapTest (65 ms total)

[----------] Global test environment tear-down
[==========] 1 test from 1 test suite ran. (115 ms total)
[  PASSED  ] 1 test.
==583== 
==583== HEAP SUMMARY:
==583==     in use at exit: 0 bytes in 0 blocks
==583==   total heap usage: 470 allocs, 470 frees, 135,914 bytes allocated
==583== 
==583== All heap blocks were freed -- no leaks are possible
==583== 
==583== For counts of detected and suppressed errors, rerun with: -v
==583== ERROR SUMMARY: 0 errors from 0 contexts (suppressed: 0 from 0)
<end of output>
Test time =   1.45 sec
----------------------------------------------------------
Test Passed.
"HeapTest.EmptyPopException" end time: Feb 17 01:54 UTC
"HeapTest.EmptyPopException" time elapsed: 00:00:01
----------------------------------------------------------

5/25 Testing: HeapTest.SingleItemNonempty
5/25 Test: HeapTest.SingleItemNonempty
Command: "/usr/bin/valgrind" "--tool=memcheck" "--leak-check=yes" "--trace-children=no" "--error-exitcode=113" "/home/codio/workspace/hw3/hw3_tests/heap_tests/heap_tests" "--gtest_filter=HeapTest.SingleItemNonempty"
Directory: /home/codio/workspace/hw3/hw3_tests/heap_tests
"HeapTest.SingleItemNonempty" start time: Feb 17 01:54 UTC
Output:
----------------------------------------------------------
==584== Memcheck, a memory error detector
==584== Copyright (C) 2002-2017, and GNU GPL'd, by Julian Seward et al.
==584== Using Valgrind-3.13.0 and LibVEX; rerun with -h for copyright info
==584== Command: /home/codio/workspace/hw3/hw3_tests/heap_tests/heap_tests --gtest_filter=HeapTest.SingleItemNonempty
==584== 
Running main() from /home/codio/googletest/googletest/src/gtest_main.cc
Note: Google Test filter = HeapTest.SingleItemNonempty
[==========] Running 1 test from 1 test suite.
[----------] Global test environment set-up.
[----------] 1 test from HeapTest
[ RUN      ] HeapTest.SingleItemNonempty
[       OK ] HeapTest.SingleItemNonempty (22 ms)
[----------] 1 test from HeapTest (31 ms total)

[----------] Global test environment tear-down
[==========] 1 test from 1 test suite ran. (81 ms total)
[  PASSED  ] 1 test.
==584== 
==584== HEAP SUMMARY:
==584==     in use at exit: 0 bytes in 0 blocks
==584==   total heap usage: 469 allocs, 469 frees, 135,741 bytes allocated
==584== 
==584== All heap blocks were freed -- no leaks are possible
==584== 
==584== For counts of detected and suppressed errors, rerun with: -v
==584== ERROR SUMMARY: 0 errors from 0 contexts (suppressed: 0 from 0)
<end of output>
Test time =   1.46 sec
----------------------------------------------------------
Test Passed.
"HeapTest.SingleItemNonempty" end time: Feb 17 01:54 UTC
"HeapTest.SingleItemNonempty" time elapsed: 00:00:01
----------------------------------------------------------

6/25 Testing: HeapTest.SingleItemPush
6/25 Test: HeapTest.SingleItemPush
Command: "/usr/bin/valgrind" "--tool=memcheck" "--leak-check=yes" "--trace-children=no" "--error-exitcode=113" "/home/codio/workspace/hw3/hw3_tests/heap_tests/heap_tests" "--gtest_filter=HeapTest.SingleItemPush"
Directory: /home/codio/workspace/hw3/hw3_tests/heap_tests
"HeapTest.SingleItemPush" start time: Feb 17 01:54 UTC
Output:
----------------------------------------------------------
==585== Memcheck, a memory error detector
==585== Copyright (C) 2002-2017, and GNU GPL'd, by Julian Seward et al.
==585== Using Valgrind-3.13.0 and LibVEX; rerun with -h for copyright info
==585== Command: /home/codio/workspace/hw3/hw3_tests/heap_tests/heap_tests --gtest_filter=HeapTest.SingleItemPush
==585== 
Running main() from /home/codio/googletest/googletest/src/gtest_main.cc
Note: Google Test filter = HeapTest.SingleItemPush
[==========] Running 1 test from 1 test suite.
[----------] Global test environment set-up.
[----------] 1 test from HeapTest
[ RUN      ] HeapTest.SingleItemPush
[       OK ] HeapTest.SingleItemPush (25 ms)
[----------] 1 test from HeapTest (34 ms total)

[----------] Global test environment tear-down
[==========] 1 test from 1 test suite ran. (83 ms total)
[  PASSED  ] 1 test.
==585== 
==585== HEAP SUMMARY:
==585==     in use at exit: 0 bytes in 0 blocks
==585==   total heap usage: 469 allocs, 469 frees, 135,701 bytes allocated
==585== 
==585== All heap blocks were freed -- no leaks are possible
==585== 
==585== For counts of detected and suppressed errors, rerun with: -v
==585== ERROR SUMMARY: 0 errors from 0 contexts (suppressed: 0 from 0)
<end of output>
Test time =   1.42 sec
----------------------------------------------------------
Test Passed.
"HeapTest.SingleItemPush" end time: Feb 17 01:54 UTC
"HeapTest.SingleItemPush" time elapsed: 00:00:01
----------------------------------------------------------

7/25 Testing: HeapTest.SingleItemPushPop
7/25 Test: HeapTest.SingleItemPushPop
Command: "/usr/bin/valgrind" "--tool=memcheck" "--leak-check=yes" "--trace-children=no" "--error-exitcode=113" "/home/codio/workspace/hw3/hw3_tests/heap_tests/heap_tests" "--gtest_filter=HeapTest.SingleItemPushPop"
Directory: /home/codio/workspace/hw3/hw3_tests/heap_tests
"HeapTest.SingleItemPushPop" start time: Feb 17 01:54 UTC
Output:
----------------------------------------------------------
==586== Memcheck, a memory error detector
==586== Copyright (C) 2002-2017, and GNU GPL'd, by Julian Seward et al.
==586== Using Valgrind-3.13.0 and LibVEX; rerun with -h for copyright info
==586== Command: /home/codio/workspace/hw3/hw3_tests/heap_tests/heap_tests --gtest_filter=HeapTest.SingleItemPushPop
==586== 
Running main() from /home/codio/googletest/googletest/src/gtest_main.cc
Note: Google Test filter = HeapTest.SingleItemPushPop
[==========] Running 1 test from 1 test suite.
[----------] Global test environment set-up.
[----------] 1 test from HeapTest
[ RUN      ] HeapTest.SingleItemPushPop
[       OK ] HeapTest.SingleItemPushPop (24 ms)
[----------] 1 test from HeapTest (33 ms total)

[----------] Global test environment tear-down
[==========] 1 test from 1 test suite ran. (83 ms total)
[  PASSED  ] 1 test.
==586== 
==586== HEAP SUMMARY:
==586==     in use at exit: 0 bytes in 0 blocks
==586==   total heap usage: 469 allocs, 469 frees, 135,731 bytes allocated
==586== 
==586== All heap blocks were freed -- no leaks are possible
==586== 
==586== For counts of detected and suppressed errors, rerun with: -v
==586== ERROR SUMMARY: 0 errors from 0 contexts (suppressed: 0 from 0)
<end of output>
Test time =   1.42 sec
----------------------------------------------------------
Test Passed.
"HeapTest.SingleItemPushPop" end time: Feb 17 01:54 UTC
"HeapTest.SingleItemPushPop" time elapsed: 00:00:01
----------------------------------------------------------

8/25 Testing: HeapTest.TwoElementPush_LowPriFirst
8/25 Test: HeapTest.TwoElementPush_LowPriFirst
Command: "/usr/bin/valgrind" "--tool=memcheck" "--leak-check=yes" "--trace-children=no" "--error-exitcode=113" "/home/codio/workspace/hw3/hw3_tests/heap_tests/heap_tests" "--gtest_filter=HeapTest.TwoElementPush_LowPriFirst"
Directory: /home/codio/workspace/hw3/hw3_tests/heap_tests
"HeapTest.TwoElementPush_LowPriFirst" start time: Feb 17 01:54 UTC
Output:
----------------------------------------------------------
==587== Memcheck, a memory error detector
==587== Copyright (C) 2002-2017, and GNU GPL'd, by Julian Seward et al.
==587== Using Valgrind-3.13.0 and LibVEX; rerun with -h for copyright info
==587== Command: /home/codio/workspace/hw3/hw3_tests/heap_tests/heap_tests --gtest_filter=HeapTest.TwoElementPush_LowPriFirst
==587== 
Running main() from /home/codio/googletest/googletest/src/gtest_main.cc
Note: Google Test filter = HeapTest.TwoElementPush_LowPriFirst
[==========] Running 1 test from 1 test suite.
[----------] Global test environment set-up.
[----------] 1 test from HeapTest
[ RUN      ] HeapTest.TwoElementPush_LowPriFirst
[       OK ] HeapTest.TwoElementPush_LowPriFirst (31 ms)
[----------] 1 test from HeapTest (43 ms total)

[----------] Global test environment tear-down
[==========] 1 test from 1 test suite ran. (101 ms total)
[  PASSED  ] 1 test.
==587== 
==587== HEAP SUMMARY:
==587==     in use at exit: 0 bytes in 0 blocks
==587==   total heap usage: 470 allocs, 470 frees, 135,844 bytes allocated
==587== 
==587== All heap blocks were freed -- no leaks are possible
==587== 
==587== For counts of detected and suppressed errors, rerun with: -v
==587== ERROR SUMMARY: 0 errors from 0 contexts (suppressed: 0 from 0)
<end of output>
Test time =   1.52 sec
----------------------------------------------------------
Test Passed.
"HeapTest.TwoElementPush_LowPriFirst" end time: Feb 17 01:54 UTC
"HeapTest.TwoElementPush_LowPriFirst" time elapsed: 00:00:01
----------------------------------------------------------

9/25 Testing: HeapTest.TwoElementPush_HighPriFirst
9/25 Test: HeapTest.TwoElementPush_HighPriFirst
Command: "/usr/bin/valgrind" "--tool=memcheck" "--leak-check=yes" "--trace-children=no" "--error-exitcode=113" "/home/codio/workspace/hw3/hw3_tests/heap_tests/heap_tests" "--gtest_filter=HeapTest.TwoElementPush_HighPriFirst"
Directory: /home/codio/workspace/hw3/hw3_tests/heap_tests
"HeapTest.TwoElementPush_HighPriFirst" start time: Feb 17 01:54 UTC
Output:
----------------------------------------------------------
==588== Memcheck, a memory error detector
==588== Copyright (C) 2002-2017, and GNU GPL'd, by Julian Seward et al.
==588== Using Valgrind-3.13.0 and LibVEX; rerun with -h for copyright info
==588== Command: /home/codio/workspace/hw3/hw3_tests/heap_tests/heap_tests --gtest_filter=HeapTest.TwoElementPush_HighPriFirst
==588== 
Running main() from /home/codio/googletest/googletest/src/gtest_main.cc
Note: Google Test filter = HeapTest.TwoElementPush_HighPriFirst
[==========] Running 1 test from 1 test suite.
[----------] Global test environment set-up.
[----------] 1 test from HeapTest
[ RUN      ] HeapTest.TwoElementPush_HighPriFirst
[       OK ] HeapTest.TwoElementPush_HighPriFirst (29 ms)
[----------] 1 test from HeapTest (38 ms total)

[----------] Global test environment tear-down
[==========] 1 test from 1 test suite ran. (88 ms total)
[  PASSED  ] 1 test.
==588== 
==588== HEAP SUMMARY:
==588==     in use at exit: 0 bytes in 0 blocks
==588==   total heap usage: 470 allocs, 470 frees, 135,857 bytes allocated
==588== 
==588== All heap blocks were freed -- no leaks are possible
==588== 
==588== For counts of detected and suppressed errors, rerun with: -v
==588== ERROR SUMMARY: 0 errors from 0 contexts (suppressed: 0 from 0)
<end of output>
Test time =   1.65 sec
----------------------------------------------------------
Test Passed.
"HeapTest.TwoElementPush_HighPriFirst" end time: Feb 17 01:54 UTC
"HeapTest.TwoElementPush_HighPriFirst" time elapsed: 00:00:01
----------------------------------------------------------

10/25 Testing: HeapTest.Duplicates
10/25 Test: HeapTest.Duplicates
Command: "/usr/bin/valgrind" "--tool=memcheck" "--leak-check=yes" "--trace-children=no" "--error-exitcode=113" "/home/codio/workspace/hw3/hw3_tests/heap_tests/heap_tests" "--gtest_filter=HeapTest.Duplicates"
Directory: /home/codio/workspace/hw3/hw3_tests/heap_tests
"HeapTest.Duplicates" start time: Feb 17 01:54 UTC
Output:
----------------------------------------------------------
==589== Memcheck, a memory error detector
==589== Copyright (C) 2002-2017, and GNU GPL'd, by Julian Seward et al.
==589== Using Valgrind-3.13.0 and LibVEX; rerun with -h for copyright info
==589== Command: /home/codio/workspace/hw3/hw3_tests/heap_tests/heap_tests --gtest_filter=HeapTest.Duplicates
==589== 
Running main() from /home/codio/googletest/googletest/src/gtest_main.cc
Note: Google Test filter = HeapTest.Duplicates
[==========] Running 1 test from 1 test suite.
[----------] Global test environment set-up.
[----------] 1 test from HeapTest
[ RUN      ] HeapTest.Duplicates
[       OK ] HeapTest.Duplicates (31 ms)
[----------] 1 test from HeapTest (40 ms total)

[----------] Global test environment tear-down
[==========] 1 test from 1 test suite ran. (90 ms total)
[  PASSED  ] 1 test.
==589== 
==589== HEAP SUMMARY:
==589==     in use at exit: 0 bytes in 0 blocks
==589==   total heap usage: 471 allocs, 471 frees, 135,685 bytes allocated
==589== 
==589== All heap blocks were freed -- no leaks are possible
==589== 
==589== For counts of detected and suppressed errors, rerun with: -v
==589== ERROR SUMMARY: 0 errors from 0 contexts (suppressed: 0 from 0)
<end of output>
Test time =   1.42 sec
----------------------------------------------------------
Test Passed.
"HeapTest.Duplicates" end time: Feb 17 01:54 UTC
"HeapTest.Duplicates" time elapsed: 00:00:01
----------------------------------------------------------

11/25 Testing: HeapTest.NegativeElements
11/25 Test: HeapTest.NegativeElements
Command: "/usr/bin/valgrind" "--tool=memcheck" "--leak-check=yes" "--trace-children=no" "--error-exitcode=113" "/home/codio/workspace/hw3/hw3_tests/heap_tests/heap_tests" "--gtest_filter=HeapTest.NegativeElements"
Directory: /home/codio/workspace/hw3/hw3_tests/heap_tests
"HeapTest.NegativeElements" start time: Feb 17 01:54 UTC
Output:
----------------------------------------------------------
==590== Memcheck, a memory error detector
==590== Copyright (C) 2002-2017, and GNU GPL'd, by Julian Seward et al.
==590== Using Valgrind-3.13.0 and LibVEX; rerun with -h for copyright info
==590== Command: /home/codio/workspace/hw3/hw3_tests/heap_tests/heap_tests --gtest_filter=HeapTest.NegativeElements
==590== 
Running main() from /home/codio/googletest/googletest/src/gtest_main.cc
Note: Google Test filter = HeapTest.NegativeElements
[==========] Running 1 test from 1 test suite.
[----------] Global test environment set-up.
[----------] 1 test from HeapTest
[ RUN      ] HeapTest.NegativeElements
[       OK ] HeapTest.NegativeElements (26 ms)
[----------] 1 test from HeapTest (35 ms total)

[----------] Global test environment tear-down
[==========] 1 test from 1 test suite ran. (86 ms total)
[  PASSED  ] 1 test.
==590== 
==590== HEAP SUMMARY:
==590==     in use at exit: 0 bytes in 0 blocks
==590==   total heap usage: 470 allocs, 470 frees, 135,729 bytes allocated
==590== 
==590== All heap blocks were freed -- no leaks are possible
==590== 
==590== For counts of detected and suppressed errors, rerun with: -v
==590== ERROR SUMMARY: 0 errors from 0 contexts (suppressed: 0 from 0)
<end of output>
Test time =   1.42 sec
----------------------------------------------------------
Test Passed.
"HeapTest.NegativeElements" end time: Feb 17 01:54 UTC
"HeapTest.NegativeElements" time elapsed: 00:00:01
----------------------------------------------------------

12/25 Testing: HeapTest.ThreeElementPush_0_5_10
12/25 Test: HeapTest.ThreeElementPush_0_5_10
Command: "/usr/bin/valgrind" "--tool=memcheck" "--leak-check=yes" "--trace-children=no" "--error-exitcode=113" "/home/codio/workspace/hw3/hw3_tests/heap_tests/heap_tests" "--gtest_filter=HeapTest.ThreeElementPush_0_5_10"
Directory: /home/codio/workspace/hw3/hw3_tests/heap_tests
"HeapTest.ThreeElementPush_0_5_10" start time: Feb 17 01:54 UTC
Output:
----------------------------------------------------------
==591== Memcheck, a memory error detector
==591== Copyright (C) 2002-2017, and GNU GPL'd, by Julian Seward et al.
==591== Using Valgrind-3.13.0 and LibVEX; rerun with -h for copyright info
==591== Command: /home/codio/workspace/hw3/hw3_tests/heap_tests/heap_tests --gtest_filter=HeapTest.ThreeElementPush_0_5_10
==591== 
Running main() from /home/codio/googletest/googletest/src/gtest_main.cc
Note: Google Test filter = HeapTest.ThreeElementPush_0_5_10
[==========] Running 1 test from 1 test suite.
[----------] Global test environment set-up.
[----------] 1 test from HeapTest
[ RUN      ] HeapTest.ThreeElementPush_0_5_10
[       OK ] HeapTest.ThreeElementPush_0_5_10 (32 ms)
[----------] 1 test from HeapTest (41 ms total)

[----------] Global test environment tear-down
[==========] 1 test from 1 test suite ran. (92 ms total)
[  PASSED  ] 1 test.
==591== 
==591== HEAP SUMMARY:
==591==     in use at exit: 0 bytes in 0 blocks
==591==   total heap usage: 471 allocs, 471 frees, 135,821 bytes allocated
==591== 
==591== All heap blocks were freed -- no leaks are possible
==591== 
==591== For counts of detected and suppressed errors, rerun with: -v
==591== ERROR SUMMARY: 0 errors from 0 contexts (suppressed: 0 from 0)
<end of output>
Test time =   1.49 sec
----------------------------------------------------------
Test Passed.
"HeapTest.ThreeElementPush_0_5_10" end time: Feb 17 01:54 UTC
"HeapTest.ThreeElementPush_0_5_10" time elapsed: 00:00:01
----------------------------------------------------------

13/25 Testing: HeapTest.ThreeElementPush_0_10_5
13/25 Test: HeapTest.ThreeElementPush_0_10_5
Command: "/usr/bin/valgrind" "--tool=memcheck" "--leak-check=yes" "--trace-children=no" "--error-exitcode=113" "/home/codio/workspace/hw3/hw3_tests/heap_tests/heap_tests" "--gtest_filter=HeapTest.ThreeElementPush_0_10_5"
Directory: /home/codio/workspace/hw3/hw3_tests/heap_tests
"HeapTest.ThreeElementPush_0_10_5" start time: Feb 17 01:54 UTC
Output:
----------------------------------------------------------
==592== Memcheck, a memory error detector
==592== Copyright (C) 2002-2017, and GNU GPL'd, by Julian Seward et al.
==592== Using Valgrind-3.13.0 and LibVEX; rerun with -h for copyright info
==592== Command: /home/codio/workspace/hw3/hw3_tests/heap_tests/heap_tests --gtest_filter=HeapTest.ThreeElementPush_0_10_5
==592== 
Running main() from /home/codio/googletest/googletest/src/gtest_main.cc
Note: Google Test filter = HeapTest.ThreeElementPush_0_10_5
[==========] Running 1 test from 1 test suite.
[----------] Global test environment set-up.
[----------] 1 test from HeapTest
[ RUN      ] HeapTest.ThreeElementPush_0_10_5
[       OK ] HeapTest.ThreeElementPush_0_10_5 (32 ms)
[----------] 1 test from HeapTest (41 ms total)

[----------] Global test environment tear-down
[==========] 1 test from 1 test suite ran. (93 ms total)
[  PASSED  ] 1 test.
==592== 
==592== HEAP SUMMARY:
==592==     in use at exit: 0 bytes in 0 blocks
==592==   total heap usage: 471 allocs, 471 frees, 135,821 bytes allocated
==592== 
==592== All heap blocks were freed -- no leaks are possible
==592== 
==592== For counts of detected and suppressed errors, rerun with: -v
==592== ERROR SUMMARY: 0 errors from 0 contexts (suppressed: 0 from 0)
<end of output>
Test time =   1.43 sec
----------------------------------------------------------
Test Passed.
"HeapTest.ThreeElementPush_0_10_5" end time: Feb 17 01:54 UTC
"HeapTest.ThreeElementPush_0_10_5" time elapsed: 00:00:01
----------------------------------------------------------

14/25 Testing: HeapTest.ThreeElementPush_5_0_10
14/25 Test: HeapTest.ThreeElementPush_5_0_10
Command: "/usr/bin/valgrind" "--tool=memcheck" "--leak-check=yes" "--trace-children=no" "--error-exitcode=113" "/home/codio/workspace/hw3/hw3_tests/heap_tests/heap_tests" "--gtest_filter=HeapTest.ThreeElementPush_5_0_10"
Directory: /home/codio/workspace/hw3/hw3_tests/heap_tests
"HeapTest.ThreeElementPush_5_0_10" start time: Feb 17 01:54 UTC
Output:
----------------------------------------------------------
==593== Memcheck, a memory error detector
==593== Copyright (C) 2002-2017, and GNU GPL'd, by Julian Seward et al.
==593== Using Valgrind-3.13.0 and LibVEX; rerun with -h for copyright info
==593== Command: /home/codio/workspace/hw3/hw3_tests/heap_tests/heap_tests --gtest_filter=HeapTest.ThreeElementPush_5_0_10
==593== 
Running main() from /home/codio/googletest/googletest/src/gtest_main.cc
Note: Google Test filter = HeapTest.ThreeElementPush_5_0_10
[==========] Running 1 test from 1 test suite.
[----------] Global test environment set-up.
[----------] 1 test from HeapTest
[ RUN      ] HeapTest.ThreeElementPush_5_0_10
[       OK ] HeapTest.ThreeElementPush_5_0_10 (32 ms)
[----------] 1 test from HeapTest (40 ms total)

[----------] Global test environment tear-down
[==========] 1 test from 1 test suite ran. (90 ms total)
[  PASSED  ] 1 test.
==593== 
==593== HEAP SUMMARY:
==593==     in use at exit: 0 bytes in 0 blocks
==593==   total heap usage: 471 allocs, 471 frees, 135,821 bytes allocated
==593== 
==593== All heap blocks were freed -- no leaks are possible
==593== 
==593== For counts of detected and suppressed errors, rerun with: -v
==593== ERROR SUMMARY: 0 errors from 0 contexts (suppressed: 0 from 0)
<end of output>
Test time =   1.45 sec
----------------------------------------------------------
Test Passed.
"HeapTest.ThreeElementPush_5_0_10" end time: Feb 17 01:54 UTC
"HeapTest.ThreeElementPush_5_0_10" time elapsed: 00:00:01
----------------------------------------------------------

15/25 Testing: HeapTest.ThreeElementPush_5_10_0
15/25 Test: HeapTest.ThreeElementPush_5_10_0
Command: "/usr/bin/valgrind" "--tool=memcheck" "--leak-check=yes" "--trace-children=no" "--error-exitcode=113" "/home/codio/workspace/hw3/hw3_tests/heap_tests/heap_tests" "--gtest_filter=HeapTest.ThreeElementPush_5_10_0"
Directory: /home/codio/workspace/hw3/hw3_tests/heap_tests
"HeapTest.ThreeElementPush_5_10_0" start time: Feb 17 01:54 UTC
Output:
----------------------------------------------------------
==594== Memcheck, a memory error detector
==594== Copyright (C) 2002-2017, and GNU GPL'd, by Julian Seward et al.
==594== Using Valgrind-3.13.0 and LibVEX; rerun with -h for copyright info
==594== Command: /home/codio/workspace/hw3/hw3_tests/heap_tests/heap_tests --gtest_filter=HeapTest.ThreeElementPush_5_10_0
==594== 
Running main() from /home/codio/googletest/googletest/src/gtest_main.cc
Note: Google Test filter = HeapTest.ThreeElementPush_5_10_0
[==========] Running 1 test from 1 test suite.
[----------] Global test environment set-up.
[----------] 1 test from HeapTest
[ RUN      ] HeapTest.ThreeElementPush_5_10_0
[       OK ] HeapTest.ThreeElementPush_5_10_0 (31 ms)
[----------] 1 test from HeapTest (40 ms total)

[----------] Global test environment tear-down
[==========] 1 test from 1 test suite ran. (91 ms total)
[  PASSED  ] 1 test.
==594== 
==594== HEAP SUMMARY:
==594==     in use at exit: 0 bytes in 0 blocks
==594==   total heap usage: 471 allocs, 471 frees, 135,821 bytes allocated
==594== 
==594== All heap blocks were freed -- no leaks are possible
==594== 
==594== For counts of detected and suppressed errors, rerun with: -v
==594== ERROR SUMMARY: 0 errors from 0 contexts (suppressed: 0 from 0)
<end of output>
Test time =   1.44 sec
----------------------------------------------------------
Test Passed.
"HeapTest.ThreeElementPush_5_10_0" end time: Feb 17 01:54 UTC
"HeapTest.ThreeElementPush_5_10_0" time elapsed: 00:00:01
----------------------------------------------------------

16/25 Testing: HeapTest.ThreeElementPush_10_0_5
16/25 Test: HeapTest.ThreeElementPush_10_0_5
Command: "/usr/bin/valgrind" "--tool=memcheck" "--leak-check=yes" "--trace-children=no" "--error-exitcode=113" "/home/codio/workspace/hw3/hw3_tests/heap_tests/heap_tests" "--gtest_filter=HeapTest.ThreeElementPush_10_0_5"
Directory: /home/codio/workspace/hw3/hw3_tests/heap_tests
"HeapTest.ThreeElementPush_10_0_5" start time: Feb 17 01:54 UTC
Output:
----------------------------------------------------------
==595== Memcheck, a memory error detector
==595== Copyright (C) 2002-2017, and GNU GPL'd, by Julian Seward et al.
==595== Using Valgrind-3.13.0 and LibVEX; rerun with -h for copyright info
==595== Command: /home/codio/workspace/hw3/hw3_tests/heap_tests/heap_tests --gtest_filter=HeapTest.ThreeElementPush_10_0_5
==595== 
Running main() from /home/codio/googletest/googletest/src/gtest_main.cc
Note: Google Test filter = HeapTest.ThreeElementPush_10_0_5
[==========] Running 1 test from 1 test suite.
[----------] Global test environment set-up.
[----------] 1 test from HeapTest
[ RUN      ] HeapTest.ThreeElementPush_10_0_5
[       OK ] HeapTest.ThreeElementPush_10_0_5 (31 ms)
[----------] 1 test from HeapTest (40 ms total)

[----------] Global test environment tear-down
[==========] 1 test from 1 test suite ran. (91 ms total)
[  PASSED  ] 1 test.
==595== 
==595== HEAP SUMMARY:
==595==     in use at exit: 0 bytes in 0 blocks
==595==   total heap usage: 471 allocs, 471 frees, 135,821 bytes allocated
==595== 
==595== All heap blocks were freed -- no leaks are possible
==595== 
==595== For counts of detected and suppressed errors, rerun with: -v
==595== ERROR SUMMARY: 0 errors from 0 contexts (suppressed: 0 from 0)
<end of output>
Test time =   1.45 sec
----------------------------------------------------------
Test Passed.
"HeapTest.ThreeElementPush_10_0_5" end time: Feb 17 01:54 UTC
"HeapTest.ThreeElementPush_10_0_5" time elapsed: 00:00:01
----------------------------------------------------------

17/25 Testing: HeapTest.ThreeElementPush_10_5_0
17/25 Test: HeapTest.ThreeElementPush_10_5_0
Command: "/usr/bin/valgrind" "--tool=memcheck" "--leak-check=yes" "--trace-children=no" "--error-exitcode=113" "/home/codio/workspace/hw3/hw3_tests/heap_tests/heap_tests" "--gtest_filter=HeapTest.ThreeElementPush_10_5_0"
Directory: /home/codio/workspace/hw3/hw3_tests/heap_tests
"HeapTest.ThreeElementPush_10_5_0" start time: Feb 17 01:54 UTC
Output:
----------------------------------------------------------
==596== Memcheck, a memory error detector
==596== Copyright (C) 2002-2017, and GNU GPL'd, by Julian Seward et al.
==596== Using Valgrind-3.13.0 and LibVEX; rerun with -h for copyright info
==596== Command: /home/codio/workspace/hw3/hw3_tests/heap_tests/heap_tests --gtest_filter=HeapTest.ThreeElementPush_10_5_0
==596== 
Running main() from /home/codio/googletest/googletest/src/gtest_main.cc
Note: Google Test filter = HeapTest.ThreeElementPush_10_5_0
[==========] Running 1 test from 1 test suite.
[----------] Global test environment set-up.
[----------] 1 test from HeapTest
[ RUN      ] HeapTest.ThreeElementPush_10_5_0
[       OK ] HeapTest.ThreeElementPush_10_5_0 (31 ms)
[----------] 1 test from HeapTest (40 ms total)

[----------] Global test environment tear-down
[==========] 1 test from 1 test suite ran. (89 ms total)
[  PASSED  ] 1 test.
==596== 
==596== HEAP SUMMARY:
==596==     in use at exit: 0 bytes in 0 blocks
==596==   total heap usage: 471 allocs, 471 frees, 135,821 bytes allocated
==596== 
==596== All heap blocks were freed -- no leaks are possible
==596== 
==596== For counts of detected and suppressed errors, rerun with: -v
==596== ERROR SUMMARY: 0 errors from 0 contexts (suppressed: 0 from 0)
<end of output>
Test time =   1.42 sec
----------------------------------------------------------
Test Passed.
"HeapTest.ThreeElementPush_10_5_0" end time: Feb 17 01:54 UTC
"HeapTest.ThreeElementPush_10_5_0" time elapsed: 00:00:01
----------------------------------------------------------

18/25 Testing: HeapTest.GreaterComparator
18/25 Test: HeapTest.GreaterComparator
Command: "/usr/bin/valgrind" "--tool=memcheck" "--leak-check=yes" "--trace-children=no" "--error-exitcode=113" "/home/codio/workspace/hw3/hw3_tests/heap_tests/heap_tests" "--gtest_filter=HeapTest.GreaterComparator"
Directory: /home/codio/workspace/hw3/hw3_tests/heap_tests
"HeapTest.GreaterComparator" start time: Feb 17 01:54 UTC
Output:
----------------------------------------------------------
==597== Memcheck, a memory error detector
==597== Copyright (C) 2002-2017, and GNU GPL'd, by Julian Seward et al.
==597== Using Valgrind-3.13.0 and LibVEX; rerun with -h for copyright info
==597== Command: /home/codio/workspace/hw3/hw3_tests/heap_tests/heap_tests --gtest_filter=HeapTest.GreaterComparator
==597== 
Running main() from /home/codio/googletest/googletest/src/gtest_main.cc
Note: Google Test filter = HeapTest.GreaterComparator
[==========] Running 1 test from 1 test suite.
[----------] Global test environment set-up.
[----------] 1 test from HeapTest
[ RUN      ] HeapTest.GreaterComparator
[       OK ] HeapTest.GreaterComparator (31 ms)
[----------] 1 test from HeapTest (40 ms total)

[----------] Global test environment tear-down
[==========] 1 test from 1 test suite ran. (89 ms total)
[  PASSED  ] 1 test.
==597== 
==597== HEAP SUMMARY:
==597==     in use at exit: 0 bytes in 0 blocks
==597==   total heap usage: 471 allocs, 471 frees, 135,755 bytes allocated
==597== 
==597== All heap blocks were freed -- no leaks are possible
==597== 
==597== For counts of detected and suppressed errors, rerun with: -v
==597== ERROR SUMMARY: 0 errors from 0 contexts (suppressed: 0 from 0)
<end of output>
Test time =   1.42 sec
----------------------------------------------------------
Test Passed.
"HeapTest.GreaterComparator" end time: Feb 17 01:54 UTC
"HeapTest.GreaterComparator" time elapsed: 00:00:01
----------------------------------------------------------

19/25 Testing: HeapTest.StringStorage
19/25 Test: HeapTest.StringStorage
Command: "/usr/bin/valgrind" "--tool=memcheck" "--leak-check=yes" "--trace-children=no" "--error-exitcode=113" "/home/codio/workspace/hw3/hw3_tests/heap_tests/heap_tests" "--gtest_filter=HeapTest.StringStorage"
Directory: /home/codio/workspace/hw3/hw3_tests/heap_tests
"HeapTest.StringStorage" start time: Feb 17 01:54 UTC
Output:
----------------------------------------------------------
==598== Memcheck, a memory error detector
==598== Copyright (C) 2002-2017, and GNU GPL'd, by Julian Seward et al.
==598== Using Valgrind-3.13.0 and LibVEX; rerun with -h for copyright info
==598== Command: /home/codio/workspace/hw3/hw3_tests/heap_tests/heap_tests --gtest_filter=HeapTest.StringStorage
==598== 
Running main() from /home/codio/googletest/googletest/src/gtest_main.cc
Note: Google Test filter = HeapTest.StringStorage
[==========] Running 1 test from 1 test suite.
[----------] Global test environment set-up.
[----------] 1 test from HeapTest
[ RUN      ] HeapTest.StringStorage
[       OK ] HeapTest.StringStorage (31 ms)
[----------] 1 test from HeapTest (40 ms total)

[----------] Global test environment tear-down
[==========] 1 test from 1 test suite ran. (89 ms total)
[  PASSED  ] 1 test.
==598== 
==598== HEAP SUMMARY:
==598==     in use at exit: 0 bytes in 0 blocks
==598==   total heap usage: 471 allocs, 471 frees, 135,911 bytes allocated
==598== 
==598== All heap blocks were freed -- no leaks are possible
==598== 
==598== For counts of detected and suppressed errors, rerun with: -v
==598== ERROR SUMMARY: 0 errors from 0 contexts (suppressed: 0 from 0)
<end of output>
Test time =   1.43 sec
----------------------------------------------------------
Test Passed.
"HeapTest.StringStorage" end time: Feb 17 01:54 UTC
"HeapTest.StringStorage" time elapsed: 00:00:01
----------------------------------------------------------

20/25 Testing: HeapTest.FiveElementPush_TrinaryHeap
20/25 Test: HeapTest.FiveElementPush_TrinaryHeap
Command: "/usr/bin/valgrind" "--tool=memcheck" "--leak-check=yes" "--trace-children=no" "--error-exitcode=113" "/home/codio/workspace/hw3/hw3_tests/heap_tests/heap_tests" "--gtest_filter=HeapTest.FiveElementPush_TrinaryHeap"
Directory: /home/codio/workspace/hw3/hw3_tests/heap_tests
"HeapTest.FiveElementPush_TrinaryHeap" start time: Feb 17 01:54 UTC
Output:
----------------------------------------------------------
==599== Memcheck, a memory error detector
==599== Copyright (C) 2002-2017, and GNU GPL'd, by Julian Seward et al.
==599== Using Valgrind-3.13.0 and LibVEX; rerun with -h for copyright info
==599== Command: /home/codio/workspace/hw3/hw3_tests/heap_tests/heap_tests --gtest_filter=HeapTest.FiveElementPush_TrinaryHeap
==599== 
Running main() from /home/codio/googletest/googletest/src/gtest_main.cc
Note: Google Test filter = HeapTest.FiveElementPush_TrinaryHeap
[==========] Running 1 test from 1 test suite.
[----------] Global test environment set-up.
[----------] 1 test from HeapTest
[ RUN      ] HeapTest.FiveElementPush_TrinaryHeap
[       OK ] HeapTest.FiveElementPush_TrinaryHeap (34 ms)
[----------] 1 test from HeapTest (44 ms total)

[----------] Global test environment tear-down
[==========] 1 test from 1 test suite ran. (94 ms total)
[  PASSED  ] 1 test.
==599== 
==599== HEAP SUMMARY:
==599==     in use at exit: 0 bytes in 0 blocks
==599==   total heap usage: 472 allocs, 472 frees, 135,905 bytes allocated
==599== 
==599== All heap blocks were freed -- no leaks are possible
==599== 
==599== For counts of detected and suppressed errors, rerun with: -v
==599== ERROR SUMMARY: 0 errors from 0 contexts (suppressed: 0 from 0)
<end of output>
Test time =   1.44 sec
----------------------------------------------------------
Test Passed.
"HeapTest.FiveElementPush_TrinaryHeap" end time: Feb 17 01:54 UTC
"HeapTest.FiveElementPush_TrinaryHeap" time elapsed: 00:00:01
----------------------------------------------------------

21/25 Testing: HeapTest.SixElementPush_QuaternaryHeap
21/25 Test: HeapTest.SixElementPush_QuaternaryHeap
Command: "/usr/bin/valgrind" "--tool=memcheck" "--leak-check=yes" "--trace-children=no" "--error-exitcode=113" "/home/codio/workspace/hw3/hw3_tests/heap_tests/heap_tests" "--gtest_filter=HeapTest.SixElementPush_QuaternaryHeap"
Directory: /home/codio/workspace/hw3/hw3_tests/heap_tests
"HeapTest.SixElementPush_QuaternaryHeap" start time: Feb 17 01:54 UTC
Output:
----------------------------------------------------------
==600== Memcheck, a memory error detector
==600== Copyright (C) 2002-2017, and GNU GPL'd, by Julian Seward et al.
==600== Using Valgrind-3.13.0 and LibVEX; rerun with -h for copyright info
==600== Command: /home/codio/workspace/hw3/hw3_tests/heap_tests/heap_tests --gtest_filter=HeapTest.SixElementPush_QuaternaryHeap
==600== 
Running main() from /home/codio/googletest/googletest/src/gtest_main.cc
Note: Google Test filter = HeapTest.SixElementPush_QuaternaryHeap
[==========] Running 1 test from 1 test suite.
[----------] Global test environment set-up.
[----------] 1 test from HeapTest
[ RUN      ] HeapTest.SixElementPush_QuaternaryHeap
[       OK ] HeapTest.SixElementPush_QuaternaryHeap (36 ms)
[----------] 1 test from HeapTest (45 ms total)

[----------] Global test environment tear-down
[==========] 1 test from 1 test suite ran. (95 ms total)
[  PASSED  ] 1 test.
==600== 
==600== HEAP SUMMARY:
==600==     in use at exit: 0 bytes in 0 blocks
==600==   total heap usage: 472 allocs, 472 frees, 135,931 bytes allocated
==600== 
==600== All heap blocks were freed -- no leaks are possible
==600== 
==600== For counts of detected and suppressed errors, rerun with: -v
==600== ERROR SUMMARY: 0 errors from 0 contexts (suppressed: 0 from 0)
<end of output>
Test time =   1.43 sec
----------------------------------------------------------
Test Passed.
"HeapTest.SixElementPush_QuaternaryHeap" end time: Feb 17 01:54 UTC
"HeapTest.SixElementPush_QuaternaryHeap" time elapsed: 00:00:01
----------------------------------------------------------

22/25 Testing: HeapStress.50x50RandomElements_BinaryHeap
22/25 Test: HeapStress.50x50RandomElements_BinaryHeap
Command: "/usr/bin/valgrind" "--tool=memcheck" "--leak-check=yes" "--trace-children=no" "--error-exitcode=113" "/home/codio/workspace/hw3/hw3_tests/heap_tests/heap_tests" "--gtest_filter=HeapStress.50x50RandomElements_BinaryHeap"
Directory: /home/codio/workspace/hw3/hw3_tests/heap_tests
"HeapStress.50x50RandomElements_BinaryHeap" start time: Feb 17 01:54 UTC
Output:
----------------------------------------------------------
==601== Memcheck, a memory error detector
==601== Copyright (C) 2002-2017, and GNU GPL'd, by Julian Seward et al.
==601== Using Valgrind-3.13.0 and LibVEX; rerun with -h for copyright info
==601== Command: /home/codio/workspace/hw3/hw3_tests/heap_tests/heap_tests --gtest_filter=HeapStress.50x50RandomElements_BinaryHeap
==601== 
Running main() from /home/codio/googletest/googletest/src/gtest_main.cc
Note: Google Test filter = HeapStress.50x50RandomElements_BinaryHeap
[==========] Running 1 test from 1 test suite.
[----------] Global test environment set-up.
[----------] 1 test from HeapStress
[ RUN      ] HeapStress.50x50RandomElements_BinaryHeap
[       OK ] HeapStress.50x50RandomElements_BinaryHeap (193 ms)
[----------] 1 test from HeapStress (202 ms total)

[----------] Global test environment tear-down
[==========] 1 test from 1 test suite ran. (252 ms total)
[  PASSED  ] 1 test.
==601== 
==601== HEAP SUMMARY:
==601==     in use at exit: 0 bytes in 0 blocks
==601==   total heap usage: 969 allocs, 969 frees, 183,502 bytes allocated
==601== 
==601== All heap blocks were freed -- no leaks are possible
==601== 
==601== For counts of detected and suppressed errors, rerun with: -v
==601== ERROR SUMMARY: 0 errors from 0 contexts (suppressed: 0 from 0)
<end of output>
Test time =   1.61 sec
----------------------------------------------------------
Test Passed.
"HeapStress.50x50RandomElements_BinaryHeap" end time: Feb 17 01:54 UTC
"HeapStress.50x50RandomElements_BinaryHeap" time elapsed: 00:00:01
----------------------------------------------------------

23/25 Testing: HeapStress.50x50RandomElements_QuaternaryHeap
23/25 Test: HeapStress.50x50RandomElements_QuaternaryHeap
Command: "/usr/bin/valgrind" "--tool=memcheck" "--leak-check=yes" "--trace-children=no" "--error-exitcode=113" "/home/codio/workspace/hw3/hw3_tests/heap_tests/heap_tests" "--gtest_filter=HeapStress.50x50RandomElements_QuaternaryHeap"
Directory: /home/codio/workspace/hw3/hw3_tests/heap_tests
"HeapStress.50x50RandomElements_QuaternaryHeap" start time: Feb 17 01:54 UTC
Output:
----------------------------------------------------------
==602== Memcheck, a memory error detector
==602== Copyright (C) 2002-2017, and GNU GPL'd, by Julian Seward et al.
==602== Using Valgrind-3.13.0 and LibVEX; rerun with -h for copyright info
==602== Command: /home/codio/workspace/hw3/hw3_tests/heap_tests/heap_tests --gtest_filter=HeapStress.50x50RandomElements_QuaternaryHeap
==602== 
Running main() from /home/codio/googletest/googletest/src/gtest_main.cc
Note: Google Test filter = HeapStress.50x50RandomElements_QuaternaryHeap
[==========] Running 1 test from 1 test suite.
[----------] Global test environment set-up.
[----------] 1 test from HeapStress
[ RUN      ] HeapStress.50x50RandomElements_QuaternaryHeap
[       OK ] HeapStress.50x50RandomElements_QuaternaryHeap (182 ms)
[----------] 1 test from HeapStress (191 ms total)

[----------] Global test environment tear-down
[==========] 1 test from 1 test suite ran. (242 ms total)
[  PASSED  ] 1 test.
==602== 
==602== HEAP SUMMARY:
==602==     in use at exit: 0 bytes in 0 blocks
==602==   total heap usage: 969 allocs, 969 frees, 183,554 bytes allocated
==602== 
==602== All heap blocks were freed -- no leaks are possible
==602== 
==602== For counts of detected and suppressed errors, rerun with: -v
==602== ERROR SUMMARY: 0 errors from 0 contexts (suppressed: 0 from 0)
<end of output>
Test time =   1.67 sec
----------------------------------------------------------
Test Passed.
"HeapStress.50x50RandomElements_QuaternaryHeap" end time: Feb 17 01:54 UTC
"HeapStress.50x50RandomElements_QuaternaryHeap" time elapsed: 00:00:01
----------------------------------------------------------

24/25 Testing: HeapStress.50x50RandomElements_DodecenaryHeap
24/25 Test: HeapStress.50x50RandomElements_DodecenaryHeap
Command: "/usr/bin/valgrind" "--tool=memcheck" "--leak-check=yes" "--trace-children=no" "--error-exitcode=113" "/home/codio/workspace/hw3/hw3_tests/heap_tests/heap_tests" "--gtest_filter=HeapStress.50x50RandomElements_DodecenaryHeap"
Directory: /home/codio/workspace/hw3/hw3_tests/heap_tests
"HeapStress.50x50RandomElements_DodecenaryHeap" start time: Feb 17 01:54 UTC
Output:
----------------------------------------------------------
==603== Memcheck, a memory error detector
==603== Copyright (C) 2002-2017, and GNU GPL'd, by Julian Seward et al.
==603== Using Valgrind-3.13.0 and LibVEX; rerun with -h for copyright info
==603== Command: /home/codio/workspace/hw3/hw3_tests/heap_tests/heap_tests --gtest_filter=HeapStress.50x50RandomElements_DodecenaryHeap
==603== 
Running main() from /home/codio/googletest/googletest/src/gtest_main.cc
Note: Google Test filter = HeapStress.50x50RandomElements_DodecenaryHeap
[==========] Running 1 test from 1 test suite.
[----------] Global test environment set-up.
[----------] 1 test from HeapStress
[ RUN      ] HeapStress.50x50RandomElements_DodecenaryHeap
[       OK ] HeapStress.50x50RandomElements_DodecenaryHeap (188 ms)
[----------] 1 test from HeapStress (197 ms total)

[----------] Global test environment tear-down
[==========] 1 test from 1 test suite ran. (247 ms total)
[  PASSED  ] 1 test.
==603== 
==603== HEAP SUMMARY:
==603==     in use at exit: 0 bytes in 0 blocks
==603==   total heap usage: 969 allocs, 969 frees, 183,554 bytes allocated
==603== 
==603== All heap blocks were freed -- no leaks are possible
==603== 
==603== For counts of detected and suppressed errors, rerun with: -v
==603== ERROR SUMMARY: 0 errors from 0 contexts (suppressed: 0 from 0)
<end of output>
Test time =   1.61 sec
----------------------------------------------------------
Test Passed.
"HeapStress.50x50RandomElements_DodecenaryHeap" end time: Feb 17 01:54 UTC
"HeapStress.50x50RandomElements_DodecenaryHeap" time elapsed: 00:00:01
----------------------------------------------------------

25/25 Testing: HeapStress.2x2000RandomElements_Binary
25/25 Test: HeapStress.2x2000RandomElements_Binary
Command: "/usr/bin/valgrind" "--tool=memcheck" "--leak-check=yes" "--trace-children=no" "--error-exitcode=113" "/home/codio/workspace/hw3/hw3_tests/heap_tests/heap_tests" "--gtest_filter=HeapStress.2x2000RandomElements_Binary"
Directory: /home/codio/workspace/hw3/hw3_tests/heap_tests
"HeapStress.2x2000RandomElements_Binary" start time: Feb 17 01:54 UTC
Output:
----------------------------------------------------------
==604== Memcheck, a memory error detector
==604== Copyright (C) 2002-2017, and GNU GPL'd, by Julian Seward et al.
==604== Using Valgrind-3.13.0 and LibVEX; rerun with -h for copyright info
==604== Command: /home/codio/workspace/hw3/hw3_tests/heap_tests/heap_tests --gtest_filter=HeapStress.2x2000RandomElements_Binary
==604== 
Running main() from /home/codio/googletest/googletest/src/gtest_main.cc
Note: Google Test filter = HeapStress.2x2000RandomElements_Binary
[==========] Running 1 test from 1 test suite.
[----------] Global test environment set-up.
[----------] 1 test from HeapStress
[ RUN      ] HeapStress.2x2000RandomElements_Binary
[       OK ] HeapStress.2x2000RandomElements_Binary (213 ms)
[----------] 1 test from HeapStress (222 ms total)

[----------] Global test environment tear-down
[==========] 1 test from 1 test suite ran. (272 ms total)
[  PASSED  ] 1 test.
==604== 
==604== HEAP SUMMARY:
==604==     in use at exit: 0 bytes in 0 blocks
==604==   total heap usage: 499 allocs, 499 frees, 200,711 bytes allocated
==604== 
==604== All heap blocks were freed -- no leaks are possible
==604== 
==604== For counts of detected and suppressed errors, rerun with: -v
==604== ERROR SUMMARY: 0 errors from 0 contexts (suppressed: 0 from 0)
<end of output>
Test time =   1.63 sec
----------------------------------------------------------
Test Passed.
"HeapStress.2x2000RandomElements_Binary" end time: Feb 17 01:54 UTC
"HeapStress.2x2000RandomElements_Binary" time elapsed: 00:00:01
----------------------------------------------------------

End testing: Feb 17 01:54 UTC
